<testsuites name="All tests" tests="7" failures="0">
    <testsuite name="DemoApp1UITests.DemoApp1UITests" tests="3" failures="0">
        <testcase classname="DemoApp1UITests.DemoApp1UITests" name="testAddRentalProperties" time="24.530" />
        <testcase classname="DemoApp1UITests.DemoApp1UITests" name="testRentalPropertiesList" time="27.971" />
        <testcase classname="DemoApp1UITests.DemoApp1UITests" name="testSuccessfulLogin" time="10.347" />
    </testsuite>
    <testsuite name="DemoApp1UITests.DemoApp1UITestsLaunchTests" tests="4" failures="0">
        <testcase classname="DemoApp1UITests.DemoApp1UITestsLaunchTests" name="testLaunch" time="8.734" />
        <testcase classname="DemoApp1UITests.DemoApp1UITestsLaunchTests" name="testLaunch" time="7.825" />
        <testcase classname="DemoApp1UITests.DemoApp1UITestsLaunchTests" name="testLaunch" time="6.519" />
        <testcase classname="DemoApp1UITests.DemoApp1UITestsLaunchTests" name="testLaunch" time="7.583" />
    </testsuite>
</testsuites>